<?xml version="1.0" encoding="UTF-8"?>
<!-- Generated by org.testng.reporters.JUnitReportReporter -->
<testsuite hostname="MTHABET" failures="0" tests="3" name="cucumberOptions.TestNgTestRunner" time="92.044" errors="0" timestamp="2021-10-22T20:14:47 EET" skipped="0">
  <testcase classname="cucumberOptions.TestNgTestRunner" name="runScenario" time="30.778"/>
  <system-out/>
  <testcase classname="cucumberOptions.TestNgTestRunner" name="runScenario" time="30.670"/>
  <system-out/>
  <testcase classname="cucumberOptions.TestNgTestRunner" name="runScenario" time="30.596"/>
  <system-out/>
</testsuite> <!-- cucumberOptions.TestNgTestRunner -->
